<?xml version="1.0" encoding="UTF-8"?>
<!-- Generated by org.testng.reporters.JUnitXMLReporter -->
<testsuite ignored="0" hostname="DESKTOP-6REBFVO" failures="1" tests="2" name="Test" time="46.923" errors="0" timestamp="2022-06-15T15:01:04 IST">
  <testcase classname="LIST.empLIST" name="LIST" time="34.632">
    <failure type="java.lang.AssertionError" message="expected [Invalid Gmail] but found []">
      <![CDATA[java.lang.AssertionError: expected [Invalid Gmail] but found []
at LIST.empLIST.LIST(empLIST.java:75)
at java.base/java.util.concurrent.ThreadPoolExecutor.runWorker(ThreadPoolExecutor.java:1136)
at java.base/java.util.concurrent.ThreadPoolExecutor$Worker.run(ThreadPoolExecutor.java:635)
at java.base/java.lang.Thread.run(Thread.java:833)
... Removed 18 stack frames]]>
    </failure>
  </testcase> <!-- LIST -->
  <testcase classname="LIST.LIST1" name="List" time="46.9"/>
</testsuite> <!-- Test -->
